{"uuid":"564a1ff5-9aa4-4205-926e-9f05eebcc294","name":"SquirroSeleniumTest","children":["c7375164-698e-4a72-8fa7-40075663bad9","fbc5bf31-7726-472e-bf02-cd8583087491","cca78005-57b7-48cb-a9f1-829111880540"],"befores":[{"name":"setUp","status":"passed","stage":"finished","description":"","steps":[],"attachments":[],"parameters":[],"start":1728894314165,"stop":1728894319436}],"afters":[{"name":"endTest","status":"broken","statusDetails":{"known":false,"muted":false,"flaky":false,"message":"Timed out waiting for driver server to stop.\nBuild info: version: '4.7.2', revision: '4d4020c3b7'\nSystem info: os.name: 'Mac OS X', os.arch: 'aarch64', os.version: '15.0.1', java.version: '22.0.1'\nDriver info: org.openqa.selenium.chrome.ChromeDriver\nCommand: [7165dc60bc5ca05a74a19344c7e74946, quit {}]\nCapabilities {acceptInsecureCerts: false, browserName: chrome, browserVersion: 129.0.6668.100, chrome: {chromedriverVersion: 128.0.6613.84 (606aa55c7d68..., userDataDir: /var/folders/r1/371m8qrx5zl...}, fedcm:accounts: true, goog:chromeOptions: {debuggerAddress: localhost:56364}, networkConnectionEnabled: false, pageLoadStrategy: normal, platformName: MAC, proxy: Proxy(), se:cdp: ws://localhost:56364/devtoo..., se:cdpVersion: 129.0.6668.100, setWindowRect: true, strictFileInteractability: false, timeouts: {implicit: 0, pageLoad: 300000, script: 30000}, unhandledPromptBehavior: dismiss and notify, webauthn:extension:credBlob: true, webauthn:extension:largeBlob: true, webauthn:extension:minPinLength: true, webauthn:extension:prf: true, webauthn:virtualAuthenticators: true}\nSession ID: 7165dc60bc5ca05a74a19344c7e74946","trace":"org.openqa.selenium.WebDriverException: Timed out waiting for driver server to stop.\nBuild info: version: '4.7.2', revision: '4d4020c3b7'\nSystem info: os.name: 'Mac OS X', os.arch: 'aarch64', os.version: '15.0.1', java.version: '22.0.1'\nDriver info: org.openqa.selenium.chrome.ChromeDriver\nCommand: [7165dc60bc5ca05a74a19344c7e74946, quit {}]\nCapabilities {acceptInsecureCerts: false, browserName: chrome, browserVersion: 129.0.6668.100, chrome: {chromedriverVersion: 128.0.6613.84 (606aa55c7d68..., userDataDir: /var/folders/r1/371m8qrx5zl...}, fedcm:accounts: true, goog:chromeOptions: {debuggerAddress: localhost:56364}, networkConnectionEnabled: false, pageLoadStrategy: normal, platformName: MAC, proxy: Proxy(), se:cdp: ws://localhost:56364/devtoo..., se:cdpVersion: 129.0.6668.100, setWindowRect: true, strictFileInteractability: false, timeouts: {implicit: 0, pageLoad: 300000, script: 30000}, unhandledPromptBehavior: dismiss and notify, webauthn:extension:credBlob: true, webauthn:extension:largeBlob: true, webauthn:extension:minPinLength: true, webauthn:extension:prf: true, webauthn:virtualAuthenticators: true}\nSession ID: 7165dc60bc5ca05a74a19344c7e74946\n\tat org.openqa.selenium.remote.service.DriverCommandExecutor.execute(DriverCommandExecutor.java:132)\n\tat org.openqa.selenium.remote.RemoteWebDriver.execute(RemoteWebDriver.java:535)\n\tat org.openqa.selenium.remote.RemoteWebDriver.execute(RemoteWebDriver.java:590)\n\tat org.openqa.selenium.remote.RemoteWebDriver.execute(RemoteWebDriver.java:594)\n\tat org.openqa.selenium.remote.RemoteWebDriver.quit(RemoteWebDriver.java:437)\n\tat org.openqa.selenium.chromium.ChromiumDriver.quit(ChromiumDriver.java:279)\n\tat com.example.squirroseleniumtest.utility.coverage.BeforeAll.endTest(BeforeAll.java:59)\n\tat java.base/jdk.internal.reflect.DirectMethodHandleAccessor.invoke(DirectMethodHandleAccessor.java:103)\n\tat java.base/java.lang.reflect.Method.invoke(Method.java:580)\n\tat org.testng.internal.invokers.MethodInvocationHelper.invokeMethod(MethodInvocationHelper.java:139)\n\tat org.testng.internal.invokers.MethodInvocationHelper.invokeMethodConsideringTimeout(MethodInvocationHelper.java:69)\n\tat org.testng.internal.invokers.ConfigInvoker.invokeConfigurationMethod(ConfigInvoker.java:390)\n\tat org.testng.internal.invokers.ConfigInvoker.invokeConfigurations(ConfigInvoker.java:325)\n\tat org.testng.TestRunner.invokeTestConfigurations(TestRunner.java:663)\n\tat org.testng.TestRunner.afterRun(TestRunner.java:933)\n\tat org.testng.TestRunner.run(TestRunner.java:624)\n\tat org.testng.SuiteRunner.runTest(SuiteRunner.java:443)\n\tat org.testng.SuiteRunner.runSequentially(SuiteRunner.java:437)\n\tat org.testng.SuiteRunner.privateRun(SuiteRunner.java:397)\n\tat org.testng.SuiteRunner.run(SuiteRunner.java:336)\n\tat org.testng.SuiteRunnerWorker.runSuite(SuiteRunnerWorker.java:52)\n\tat org.testng.SuiteRunnerWorker.run(SuiteRunnerWorker.java:95)\n\tat org.testng.TestNG.runSuitesSequentially(TestNG.java:1280)\n\tat org.testng.TestNG.runSuitesLocally(TestNG.java:1200)\n\tat org.testng.TestNG.runSuites(TestNG.java:1114)\n\tat org.testng.TestNG.run(TestNG.java:1082)\n\tat com.intellij.rt.testng.IDEARemoteTestNG.run(IDEARemoteTestNG.java:65)\n\tat com.intellij.rt.testng.RemoteTestNGStarter.main(RemoteTestNGStarter.java:105)\nCaused by: java.util.concurrent.ExecutionException: org.openqa.selenium.TimeoutException: Process timed out after waiting for 20000 ms.\nBuild info: version: '4.7.2', revision: '4d4020c3b7'\nSystem info: os.name: 'Mac OS X', os.arch: 'aarch64', os.version: '15.0.1', java.version: '22.0.1'\nDriver info: driver.version: unknown\n\tat java.base/java.util.concurrent.CompletableFuture.reportGet(CompletableFuture.java:396)\n\tat java.base/java.util.concurrent.CompletableFuture.get(CompletableFuture.java:2096)\n\tat org.openqa.selenium.remote.service.DriverCommandExecutor.execute(DriverCommandExecutor.java:128)\n\t... 27 more\nCaused by: org.openqa.selenium.TimeoutException: Process timed out after waiting for 20000 ms.\nBuild info: version: '4.7.2', revision: '4d4020c3b7'\nSystem info: os.name: 'Mac OS X', os.arch: 'aarch64', os.version: '15.0.1', java.version: '22.0.1'\nDriver info: driver.version: unknown\n\tat org.openqa.selenium.os.OsProcess.waitFor(OsProcess.java:181)\n\tat org.openqa.selenium.os.CommandLine.waitFor(CommandLine.java:119)\n\tat org.openqa.selenium.remote.service.DriverCommandExecutor.lambda$execute$2(DriverCommandExecutor.java:122)\n\tat java.base/java.util.concurrent.CompletableFuture$AsyncSupply.run(CompletableFuture.java:1768)\n\tat java.base/java.util.concurrent.ThreadPoolExecutor.runWorker(ThreadPoolExecutor.java:1144)\n\tat java.base/java.util.concurrent.ThreadPoolExecutor$Worker.run(ThreadPoolExecutor.java:642)\n\tat java.base/java.lang.Thread.run(Thread.java:1570)\n"},"stage":"finished","description":"","steps":[],"attachments":[],"parameters":[],"start":1728894687862,"stop":1728894712959}],"start":1728894314137,"stop":1728894712968}